[2025-06-06 01:55:26,667][flwr][INFO] - Starting Flower simulation, config: num_rounds=10, no round_timeout
[2025-06-06 01:55:29,914][flwr][INFO] - Flower VCE: Ray initialized with resources: {'memory': 3514731726.0, 'object_store_memory': 1757365862.0, 'node:127.0.0.1': 1.0, 'CPU': 8.0, 'node:__internal_head__': 1.0}
[2025-06-06 01:55:29,915][flwr][INFO] - Optimize your simulation with Flower VCE: https://flower.ai/docs/framework/how-to-run-simulations.html
[2025-06-06 01:55:29,915][flwr][INFO] - No `client_resources` specified. Using minimal resources for clients.
[2025-06-06 01:55:29,915][flwr][INFO] - Flower VCE: Resources for each Virtual Client: {'num_cpus': 1, 'num_gpus': 0.0}
[2025-06-06 01:55:29,924][flwr][INFO] - Flower VCE: Creating VirtualClientEngineActorPool with 8 actors
[2025-06-06 01:55:29,927][flwr][INFO] - [INIT]
[2025-06-06 01:55:29,927][flwr][INFO] - Requesting initial parameters from one random client
[2025-06-06 01:55:31,780][flwr][INFO] - Received initial parameters from one random client
[2025-06-06 01:55:31,781][flwr][INFO] - Starting evaluation of initial global parameters
[2025-06-06 01:55:32,533][flwr][INFO] - initial parameters (loss, other metrics): 182.28553199768066, {'accuracy': 0.0886}
[2025-06-06 01:55:32,533][flwr][INFO] - 
[2025-06-06 01:55:32,533][flwr][INFO] - [ROUND 1]
[2025-06-06 01:55:32,533][flwr][INFO] - configure_fit: strategy sampled 10 clients (out of 500)
[2025-06-06 01:55:45,893][flwr][INFO] - aggregate_fit: received 10 results and 0 failures
[2025-06-06 01:55:45,903][flwr][WARNING] - No fit_metrics_aggregation_fn provided
[2025-06-06 01:55:46,624][flwr][INFO] - fit progress: (1, 181.92697477340698, {'accuracy': 0.0822}, 14.09148875)
[2025-06-06 01:55:46,625][flwr][INFO] - configure_evaluate: strategy sampled 25 clients (out of 500)
[2025-06-06 01:56:12,789][flwr][INFO] - aggregate_evaluate: received 25 results and 0 failures
[2025-06-06 01:56:12,791][flwr][WARNING] - No evaluate_metrics_aggregation_fn provided
[2025-06-06 01:56:12,791][flwr][INFO] - 
[2025-06-06 01:56:12,791][flwr][INFO] - [ROUND 2]
[2025-06-06 01:56:12,793][flwr][INFO] - configure_fit: strategy sampled 10 clients (out of 500)
[2025-06-06 01:56:23,742][flwr][INFO] - aggregate_fit: received 10 results and 0 failures
[2025-06-06 01:56:24,489][flwr][INFO] - fit progress: (2, 181.58780550956726, {'accuracy': 0.0847}, 51.957334792000005)
[2025-06-06 01:56:24,490][flwr][INFO] - configure_evaluate: strategy sampled 25 clients (out of 500)
[2025-06-06 01:57:06,475][flwr][INFO] - aggregate_evaluate: received 25 results and 0 failures
[2025-06-06 01:57:06,477][flwr][INFO] - 
[2025-06-06 01:57:06,477][flwr][INFO] - [ROUND 3]
[2025-06-06 01:57:06,479][flwr][INFO] - configure_fit: strategy sampled 10 clients (out of 500)
[2025-06-06 01:57:19,792][flwr][INFO] - aggregate_fit: received 10 results and 0 failures
[2025-06-06 01:57:20,691][flwr][INFO] - fit progress: (3, 181.2734866142273, {'accuracy': 0.1031}, 108.159761417)
[2025-06-06 01:57:20,692][flwr][INFO] - configure_evaluate: strategy sampled 25 clients (out of 500)
[2025-06-06 01:57:54,149][flwr][INFO] - aggregate_evaluate: received 25 results and 0 failures
[2025-06-06 01:57:54,150][flwr][INFO] - 
[2025-06-06 01:57:54,150][flwr][INFO] - [ROUND 4]
[2025-06-06 01:57:54,152][flwr][INFO] - configure_fit: strategy sampled 10 clients (out of 500)
[2025-06-06 01:58:16,529][flwr][INFO] - aggregate_fit: received 10 results and 0 failures
[2025-06-06 01:58:17,405][flwr][INFO] - fit progress: (4, 180.95344185829163, {'accuracy': 0.1234}, 164.87496249999998)
[2025-06-06 01:58:17,406][flwr][INFO] - configure_evaluate: strategy sampled 25 clients (out of 500)
[2025-06-06 01:58:59,558][flwr][INFO] - aggregate_evaluate: received 25 results and 0 failures
[2025-06-06 01:58:59,559][flwr][INFO] - 
[2025-06-06 01:58:59,559][flwr][INFO] - [ROUND 5]
[2025-06-06 01:58:59,560][flwr][INFO] - configure_fit: strategy sampled 10 clients (out of 500)
[2025-06-06 01:59:16,840][flwr][INFO] - aggregate_fit: received 10 results and 0 failures
[2025-06-06 01:59:17,700][flwr][INFO] - fit progress: (5, 180.628112077713, {'accuracy': 0.1539}, 225.170518875)
[2025-06-06 01:59:17,700][flwr][INFO] - configure_evaluate: strategy sampled 25 clients (out of 500)
