[2025-06-06 02:02:13,305][flwr][INFO] - Starting Flower simulation, config: num_rounds=10, no round_timeout
[2025-06-06 02:02:15,428][flwr][INFO] - Flower VCE: Ray initialized with resources: {'memory': 2826033563.0, 'node:__internal_head__': 1.0, 'CPU': 8.0, 'node:127.0.0.1': 1.0, 'object_store_memory': 1413016780.0}
[2025-06-06 02:02:15,428][flwr][INFO] - Optimize your simulation with Flower VCE: https://flower.ai/docs/framework/how-to-run-simulations.html
[2025-06-06 02:02:15,428][flwr][INFO] - No `client_resources` specified. Using minimal resources for clients.
[2025-06-06 02:02:15,428][flwr][INFO] - Flower VCE: Resources for each Virtual Client: {'num_cpus': 1, 'num_gpus': 0.0}
[2025-06-06 02:02:15,440][flwr][INFO] - Flower VCE: Creating VirtualClientEngineActorPool with 8 actors
[2025-06-06 02:02:15,443][flwr][INFO] - [INIT]
[2025-06-06 02:02:15,443][flwr][INFO] - Requesting initial parameters from one random client
[2025-06-06 02:02:17,301][flwr][INFO] - Received initial parameters from one random client
[2025-06-06 02:02:17,301][flwr][INFO] - Starting evaluation of initial global parameters
[2025-06-06 02:02:17,970][flwr][INFO] - initial parameters (loss, other metrics): 182.32691597938538, {'accuracy': 0.0892}
[2025-06-06 02:02:17,970][flwr][INFO] - 
[2025-06-06 02:02:17,970][flwr][INFO] - [ROUND 1]
[2025-06-06 02:02:17,971][flwr][INFO] - configure_fit: strategy sampled 10 clients (out of 500)
[2025-06-06 02:02:32,240][flwr][INFO] - aggregate_fit: received 10 results and 0 failures
[2025-06-06 02:02:32,250][flwr][WARNING] - No fit_metrics_aggregation_fn provided
[2025-06-06 02:02:32,896][flwr][INFO] - fit progress: (1, 182.11466813087463, {'accuracy': 0.0893}, 14.926033749999998)
[2025-06-06 02:02:32,897][flwr][INFO] - configure_evaluate: strategy sampled 25 clients (out of 500)
[2025-06-06 02:03:02,433][flwr][INFO] - aggregate_evaluate: received 25 results and 0 failures
[2025-06-06 02:03:02,434][flwr][WARNING] - No evaluate_metrics_aggregation_fn provided
[2025-06-06 02:03:02,434][flwr][INFO] - 
[2025-06-06 02:03:02,434][flwr][INFO] - [ROUND 2]
[2025-06-06 02:03:02,437][flwr][INFO] - configure_fit: strategy sampled 10 clients (out of 500)
[2025-06-06 02:03:16,785][flwr][INFO] - aggregate_fit: received 10 results and 0 failures
[2025-06-06 02:03:17,509][flwr][INFO] - fit progress: (2, 181.9282124042511, {'accuracy': 0.0899}, 59.539535458)
[2025-06-06 02:03:17,509][flwr][INFO] - configure_evaluate: strategy sampled 25 clients (out of 500)
[2025-06-06 02:03:49,502][flwr][INFO] - aggregate_evaluate: received 25 results and 0 failures
[2025-06-06 02:03:49,503][flwr][INFO] - 
[2025-06-06 02:03:49,503][flwr][INFO] - [ROUND 3]
[2025-06-06 02:03:49,503][flwr][INFO] - configure_fit: strategy sampled 10 clients (out of 500)
[2025-06-06 02:04:04,359][flwr][INFO] - aggregate_fit: received 10 results and 0 failures
[2025-06-06 02:04:05,108][flwr][INFO] - fit progress: (3, 181.75537943840027, {'accuracy': 0.0913}, 107.139071916)
[2025-06-06 02:04:05,108][flwr][INFO] - configure_evaluate: strategy sampled 25 clients (out of 500)
[2025-06-06 02:04:35,644][flwr][INFO] - aggregate_evaluate: received 25 results and 0 failures
[2025-06-06 02:04:35,645][flwr][INFO] - 
[2025-06-06 02:04:35,645][flwr][INFO] - [ROUND 4]
[2025-06-06 02:04:35,646][flwr][INFO] - configure_fit: strategy sampled 10 clients (out of 500)
[2025-06-06 02:04:48,805][flwr][INFO] - aggregate_fit: received 10 results and 0 failures
[2025-06-06 02:04:49,559][flwr][INFO] - fit progress: (4, 181.57645082473755, {'accuracy': 0.0964}, 151.59115625)
[2025-06-06 02:04:49,559][flwr][INFO] - configure_evaluate: strategy sampled 25 clients (out of 500)
[2025-06-06 02:05:20,192][flwr][INFO] - aggregate_evaluate: received 25 results and 0 failures
[2025-06-06 02:05:20,193][flwr][INFO] - 
[2025-06-06 02:05:20,193][flwr][INFO] - [ROUND 5]
[2025-06-06 02:05:20,193][flwr][INFO] - configure_fit: strategy sampled 10 clients (out of 500)
[2025-06-06 02:05:33,077][flwr][INFO] - aggregate_fit: received 10 results and 0 failures
[2025-06-06 02:05:33,828][flwr][INFO] - fit progress: (5, 181.3927779197693, {'accuracy': 0.1146}, 195.860957916)
[2025-06-06 02:05:33,828][flwr][INFO] - configure_evaluate: strategy sampled 25 clients (out of 500)
[2025-06-06 02:06:12,766][flwr][INFO] - aggregate_evaluate: received 25 results and 0 failures
[2025-06-06 02:06:12,767][flwr][INFO] - 
[2025-06-06 02:06:12,767][flwr][INFO] - [ROUND 6]
[2025-06-06 02:06:12,769][flwr][INFO] - configure_fit: strategy sampled 10 clients (out of 500)
[2025-06-06 02:06:27,562][flwr][INFO] - aggregate_fit: received 10 results and 0 failures
[2025-06-06 02:06:28,332][flwr][INFO] - fit progress: (6, 181.21379613876343, {'accuracy': 0.1302}, 250.36624745799998)
[2025-06-06 02:06:28,333][flwr][INFO] - configure_evaluate: strategy sampled 25 clients (out of 500)
[2025-06-06 02:06:57,307][flwr][INFO] - aggregate_evaluate: received 25 results and 0 failures
[2025-06-06 02:06:57,307][flwr][INFO] - 
[2025-06-06 02:06:57,307][flwr][INFO] - [ROUND 7]
[2025-06-06 02:06:57,307][flwr][INFO] - configure_fit: strategy sampled 10 clients (out of 500)
[2025-06-06 02:07:08,658][flwr][INFO] - aggregate_fit: received 10 results and 0 failures
[2025-06-06 02:07:09,418][flwr][INFO] - fit progress: (7, 180.99940824508667, {'accuracy': 0.1653}, 291.452964916)
[2025-06-06 02:07:09,419][flwr][INFO] - configure_evaluate: strategy sampled 25 clients (out of 500)
[2025-06-06 02:07:38,599][flwr][INFO] - aggregate_evaluate: received 25 results and 0 failures
[2025-06-06 02:07:38,600][flwr][INFO] - 
[2025-06-06 02:07:38,600][flwr][INFO] - [ROUND 8]
[2025-06-06 02:07:38,600][flwr][INFO] - configure_fit: strategy sampled 10 clients (out of 500)
[2025-06-06 02:07:49,983][flwr][INFO] - aggregate_fit: received 10 results and 0 failures
[2025-06-06 02:07:50,746][flwr][INFO] - fit progress: (8, 180.76902532577515, {'accuracy': 0.1826}, 332.781453666)
[2025-06-06 02:07:50,747][flwr][INFO] - configure_evaluate: strategy sampled 25 clients (out of 500)
[2025-06-06 02:08:27,090][flwr][INFO] - aggregate_evaluate: received 25 results and 0 failures
[2025-06-06 02:08:27,091][flwr][INFO] - 
[2025-06-06 02:08:27,091][flwr][INFO] - [ROUND 9]
[2025-06-06 02:08:27,092][flwr][INFO] - configure_fit: strategy sampled 10 clients (out of 500)
[2025-06-06 02:08:41,096][flwr][INFO] - aggregate_fit: received 10 results and 0 failures
[2025-06-06 02:08:42,194][flwr][INFO] - fit progress: (9, 180.48011302947998, {'accuracy': 0.216}, 384.22448625)
[2025-06-06 02:08:42,194][flwr][INFO] - configure_evaluate: strategy sampled 25 clients (out of 500)
[2025-06-06 02:09:14,599][flwr][INFO] - aggregate_evaluate: received 25 results and 0 failures
[2025-06-06 02:09:14,600][flwr][INFO] - 
[2025-06-06 02:09:14,600][flwr][INFO] - [ROUND 10]
[2025-06-06 02:09:14,601][flwr][INFO] - configure_fit: strategy sampled 10 clients (out of 500)
[2025-06-06 02:09:27,423][flwr][INFO] - aggregate_fit: received 10 results and 0 failures
[2025-06-06 02:09:28,189][flwr][INFO] - fit progress: (10, 180.17595553398132, {'accuracy': 0.2206}, 430.219916041)
[2025-06-06 02:09:28,189][flwr][INFO] - configure_evaluate: strategy sampled 25 clients (out of 500)
[2025-06-06 02:10:15,533][flwr][INFO] - aggregate_evaluate: received 25 results and 0 failures
[2025-06-06 02:10:15,535][flwr][INFO] - 
[2025-06-06 02:10:15,535][flwr][INFO] - [SUMMARY]
[2025-06-06 02:10:15,535][flwr][INFO] - Run finished 10 round(s) in 477.57s
[2025-06-06 02:10:15,538][flwr][INFO] - 	History (loss, distributed):
[2025-06-06 02:10:15,547][flwr][INFO] - 		round 1: 13.817649946212768
[2025-06-06 02:10:15,547][flwr][INFO] - 		round 2: 13.819025545120239
[2025-06-06 02:10:15,547][flwr][INFO] - 		round 3: 13.802510509490967
[2025-06-06 02:10:15,547][flwr][INFO] - 		round 4: 13.787298316955566
[2025-06-06 02:10:15,547][flwr][INFO] - 		round 5: 13.77846116065979
[2025-06-06 02:10:15,547][flwr][INFO] - 		round 6: 13.772584295272827
[2025-06-06 02:10:15,547][flwr][INFO] - 		round 7: 13.737374935150147
[2025-06-06 02:10:15,548][flwr][INFO] - 		round 8: 13.73176555633545
[2025-06-06 02:10:15,548][flwr][INFO] - 		round 9: 13.709096536636352
[2025-06-06 02:10:15,548][flwr][INFO] - 		round 10: 13.702378025054932
[2025-06-06 02:10:15,548][flwr][INFO] - 	History (loss, centralized):
[2025-06-06 02:10:15,548][flwr][INFO] - 		round 0: 182.32691597938538
[2025-06-06 02:10:15,548][flwr][INFO] - 		round 1: 182.11466813087463
[2025-06-06 02:10:15,548][flwr][INFO] - 		round 2: 181.9282124042511
[2025-06-06 02:10:15,548][flwr][INFO] - 		round 3: 181.75537943840027
[2025-06-06 02:10:15,548][flwr][INFO] - 		round 4: 181.57645082473755
[2025-06-06 02:10:15,548][flwr][INFO] - 		round 5: 181.3927779197693
[2025-06-06 02:10:15,548][flwr][INFO] - 		round 6: 181.21379613876343
[2025-06-06 02:10:15,548][flwr][INFO] - 		round 7: 180.99940824508667
[2025-06-06 02:10:15,548][flwr][INFO] - 		round 8: 180.76902532577515
[2025-06-06 02:10:15,548][flwr][INFO] - 		round 9: 180.48011302947998
[2025-06-06 02:10:15,548][flwr][INFO] - 		round 10: 180.17595553398132
[2025-06-06 02:10:15,548][flwr][INFO] - 	History (metrics, centralized):
[2025-06-06 02:10:15,548][flwr][INFO] - 	{'accuracy': [(0, 0.0892),
[2025-06-06 02:10:15,548][flwr][INFO] - 	              (1, 0.0893),
[2025-06-06 02:10:15,548][flwr][INFO] - 	              (2, 0.0899),
[2025-06-06 02:10:15,548][flwr][INFO] - 	              (3, 0.0913),
[2025-06-06 02:10:15,548][flwr][INFO] - 	              (4, 0.0964),
[2025-06-06 02:10:15,548][flwr][INFO] - 	              (5, 0.1146),
[2025-06-06 02:10:15,548][flwr][INFO] - 	              (6, 0.1302),
[2025-06-06 02:10:15,548][flwr][INFO] - 	              (7, 0.1653),
[2025-06-06 02:10:15,548][flwr][INFO] - 	              (8, 0.1826),
[2025-06-06 02:10:15,548][flwr][INFO] - 	              (9, 0.216),
[2025-06-06 02:10:15,548][flwr][INFO] - 	              (10, 0.2206)]}
[2025-06-06 02:10:15,548][flwr][INFO] - 
